        -:    0:Source:SystemC/include/RX_PATHBase.h
        -:    0:Graph:../../SystemC/libso-gcc-12.3-64/FastBuild/F/__up2__/src/SPICtrl.gcno
        -:    0:Data:../../SystemC/libso-gcc-12.3-64/FastBuild/F/__up2__/src/SPICtrl.gcda
        -:    0:Runs:3
        -:    1:/***************************************************************************
        -:    2: * Copyright 1996-2025 Synopsys, Inc.
        -:    3: *
        -:    4: * This Synopsys software and all associated documentation are proprietary
        -:    5: * to Synopsys, Inc. and may only be used pursuant to the terms and
        -:    6: * conditions of a written license agreement with Synopsys, Inc.
        -:    7: * All other use, reproduction, modification, or distribution of the
        -:    8: * Synopsys software or the associated documentation is strictly prohibited.
        -:    9: ***************************************************************************/
        -:   10: 
        -:   11:
        -:   12:/***************************************************************************
        -:   13: * Generated snippet, used for detecting user edits.
        -:   14: * CHECKSUM:8c93442e3f22583bb2636ece38f9ce2fe916c70f
        -:   15: ***************************************************************************/
        -:   16: 
        -:   17: 
        -:   18: // Warning: This is an auto-generated file. All changes to this file will be overwritten.
        -:   19:
        -:   20:
        -:   21:#pragma once
        -:   22:
        -:   23:#include <scml2.h>
        -:   24:#include <scml2_base.h>
        -:   25:#include "scml2_objects.h"
        -:   26:
        -:   27:
        -:   28:
        -:   29:
        -:   30:
        -:   31:class SPICtrlBase;
        -:   32:
        -:   33:
        -:   34:
        -:   35:class RX_PATHType;
        -:   36:
        -:   37:#ifdef _WIN32
        -:   38:#pragma optimize("g",off)
        -:   39:#else
        -:   40:#pragma GCC push_options
        -:   41:#pragma GCC optimize("O0")
        -:   42:#endif
        -:   43:
        -:   44:
        -:   45:class RX_PATHTypeBase : public scml2::base::object {
        -:   46:    typedef RX_PATHTypeBase ObjectBaseType;
        -:   47:  public:
        -:   48:    SC_HAS_PROCESS(RX_PATHTypeBase);
        -:   49:
        -:   50:    RX_PATHTypeBase(const scml2::base::object_name& name) 
        -:   51:        : scml2::base::object(name)
        -:   52:        , pop("pop", this, &RX_PATHTypeBase::pop_impl)
        -:   53:        , push("push", this, &RX_PATHTypeBase::push_impl)
        -:   54:        , m_fifo_size("m_fifo_size")
        -:   55:        , OFL_RXF("OFL_RXF")
        -:   56:        , RXF_FULL("RXF_FULL")
        -:   57:        , RXF_Overflow("RXF_Overflow")
        -:   58:        , RXFIFO("RXFIFO") {
        -:   59:    }
        -:   60:    
       6*:   61:    virtual ~RX_PATHTypeBase() {
        6:   62:      m_actions.clear();
       6*:   63:    }
------------------
_ZN15RX_PATHTypeBaseD0Ev:
    #####:   61:    virtual ~RX_PATHTypeBase() {
        -:   62:      m_actions.clear();
    #####:   63:    }
------------------
_ZN15RX_PATHTypeBaseD2Ev:
        6:   61:    virtual ~RX_PATHTypeBase() {
        6:   62:      m_actions.clear();
        6:   63:    }
------------------
        -:   64:    
       12:   65:    virtual void reset_model() {
       12:   66:      reset_model_if_available(RXFIFO);
       12:   67:    }
        -:   68:  
        -:   69:    virtual void handle_RXFIFO_full() = 0;
        -:   70:    virtual void handle_RXFIFO_almost_full() = 0;
        -:   71:    virtual bool pop_impl(unsigned int & value) = 0;
        -:   72:    virtual void push_impl(unsigned int value) = 0;
        -:   73:
        -:   74:    scml2::base::behavior<bool, unsigned int &> pop;
        -:   75:    scml2::base::behavior<void, unsigned int> push;
        -:   76:    scml2::base::value_attribute<long long> m_fifo_size;
        -:   77:    scml2::base::value_attribute<unsigned long long> OFL_RXF;
        -:   78:    scml2::base::value_attribute<bool> RXF_FULL;
        -:   79:    scml2::base::value_attribute<bool> RXF_Overflow;
        -:   80:    scml2::objects::fifo<unsigned int> RXFIFO;
        -:   81:    scml2::base::actions m_actions;
        -:   82:    
        6:   83:    virtual void finalize_local_construction() {
        6:   84:        RXFIFO.version = scml2::objects::V2_0;
        6:   85:        RXFIFO.size = m_fifo_size;
        6:   86:        RXFIFO.almost_empty_level = 1;
        6:   87:        RXFIFO.almost_full_level = OFL_RXF;
       6*:   88:        m_actions.add_action("RXFIFO.almost_full_level = OFL_RXF", [&](){RXFIFO.almost_full_level = OFL_RXF;}, OFL_RXF);
        6:   89:        RXFIFO.config_options.fifo_overflow_style = scml2::objects::OVERWRITE;
        6:   90:        RXFIFO.config_options.fifo_size_style = scml2::objects::MAX_SIZE;
        6:   91:        RXFIFO.set_full_callback(SCML2_CALLBACK(handle_RXFIFO_full));
        6:   92:        RXFIFO.set_almost_full_callback(SCML2_CALLBACK(handle_RXFIFO_almost_full));
        6:   93:		scml2::base::object::finalize_local_construction();
        6:   94:    }
        -:   95:private:
        -:   96:};
        -:   97:#ifdef _WIN32
        -:   98:#pragma optimize("",on)
        -:   99:#else
        -:  100:#pragma GCC pop_options
        -:  101:#endif
        -:  102:
        -:  103:
