        -:    0:Source:SystemC/src/SPICtrl.cc
        -:    0:Graph:../../SystemC/libso-gcc-12.3-64/FastBuild/F/__up2__/src/SPICtrl.gcno
        -:    0:Data:../../SystemC/libso-gcc-12.3-64/FastBuild/F/__up2__/src/SPICtrl.gcda
        -:    0:Runs:3
        -:    1:/***************************************************************************
        -:    2: * Copyright 1996-2025 Synopsys, Inc.
        -:    3: *
        -:    4: * This Synopsys software and all associated documentation are proprietary
        -:    5: * to Synopsys, Inc. and may only be used pursuant to the terms and
        -:    6: * conditions of a written license agreement with Synopsys, Inc.
        -:    7: * All other use, reproduction, modification, or distribution of the
        -:    8: * Synopsys software or the associated documentation is strictly prohibited.
        -:    9: ***************************************************************************/
        -:   10: 
        -:   11:
        -:   12:/***************************************************************************
        -:   13: * Generated snippet, used for detecting user edits.
        -:   14: * CHECKSUM:f12ba10e73d7dc11f08ade85ab746ecaf767e1c7
        -:   15: ***************************************************************************/
        -:   16: 
        -:   17:#include "SPICtrl.h"
        -:   18:
        -:   19:
        6:   20:SPICtrl::SPICtrl(sc_core::sc_module_name name) : SPICtrlBase(name)  {
        -:   21:  
        6:   22:}
        -:   23:
        6:   24:void SPICtrl::handle_Serial_IO_protocol_engine_start_received_transfer_64bit_V3(unsigned long long data, unsigned bit_length, bool continuous_select) {
        6:   25:	this->SHIFT_REGISTER = data;
        6:   26:	if (this->Serial_IO_protocol_engine.getIsSlave()) {
        3:   27:		if (this->version >= 10200) {
    #####:   28:			this -> CRC_MOD.execute();
        -:   29:		}
        -:   30:		unsigned int value;
        3:   31:		if (TX_PATH.pop(value) == false) {
    #####:   32:		SCML2_ERROR(BUFFER_UNDERFLOW) <<
    #####:   33:				"Transmit Fifo is empty, transferring unknown data" << endl;
        -:   34:		}
        3:   35:		Serial_IO_protocol_engine.start_slave_transfer(value, bit_length);
        -:   36:	}
        6:   37:}
        -:   38:
        6:   39:void SPICtrl::handle_Serial_IO_protocol_engine_end_received_transfer() {
        6:   40:	RX_PATH.push(SHIFT_REGISTER);
        6:   41:}
        -:   42:
        6:   43:void SPICtrl::handle_rst_in_protocol_engine_reset_enter() {
        6:   44:  this->reset_model();
        6:   45:}
        -:   46:
        6:   47:void SPICtrl::handle_spi_clk_protocol_engine_period_updated(sc_core::sc_time period) {
        6:   48:  this->Serial_IO_protocol_engine.bit_time = period;
        6:   49:}
        3:   50:void SPICtrl::handle_TX_PATH_process_new_item(unsigned int value) {
        3:   51:	unsigned int iCtar = (value >> 1) & 0x7; // extract transfer configuration index
        3:   52:	unsigned int PCS = (value >> 8) & 0xFF; // get peripheral chip select
        3:   53:	unsigned int TXDATA = (value >> 16) & 0xFFFF; // get transfer data
        3:   54:	unsigned int pre = this->CTAR[iCtar].PCSSCK; // get clock prescaler for this configuration
        3:   55:	unsigned int nBits = this->CTAR[iCtar].FMSZ + 1; // get framesize for this configuration
        -:   56:	// start transfer on Serial_IO
        3:   57:	this->Serial_IO_protocol_engine.bit_time = this->spi_clk_protocol_engine.period / pre;
        3:   58:	this->Serial_IO_protocol_engine.start_master_transfer(TXDATA, nBits, PCS);
        -:   59:
        3:   60:	this->SR.TCF = 1; // set transfer complete bit
        3:   61:	this->SHIFT_REGISTER = TXDATA; // copy transmit data to shift register
        3:   62:}
        6:   63:bool SPICtrl::handle_write_MCR_CLR_TXF(const unsigned int& value) {
        6:   64:	this->MCR.CLR_TXF = value;
       6*:   65:	if (value == 1) this->TX_PATH.TXFIFO.clear();
        6:   66:	return true;
        -:   67:}
    #####:   68:bool SPICtrl::handle_read_MCR_CLR_TXF(unsigned int& value) {
    #####:   69:	value = 0;
    #####:   70:	return true;
        -:   71:}
        6:   72:bool SPICtrl::handle_write_PUSHR(const unsigned int& value, const unsigned int& byteEnables, sc_core::sc_time& time) {
        -:   73:  // FIXME: Default implementation. Implement this.
        6:   74:  this->PUSHR = ((this->PUSHR & ~byteEnables) | (value & byteEnables));
        6:   75:  this->TX_PATH.push( (unsigned int) this->PUSHR);
        6:   76:  return true;
        -:   77:}
        -:   78:
        6:   79:scml2::access_restriction_result SPICtrl::restrict_PUSHR(unsigned int& data, unsigned int& bit_enables) {
        6:   80:	 if (this->MCR.MDIS == 1) {
    #####:   81:		 SCML2_WARNING(PROGRAMMING_WARNING) <<
    #####:   82:		 "Pushing data to the TX FIFO while controller is disabled" << endl;
    #####:   83:		 scml2::restrict_all(data, bit_enables);
        -:   84:	 }
        -:   85:
        6:   86:    return scml2::RESTRICT_NO_ERROR;
        -:   87:}
    #####:   88:bool SPICtrl::handle_read_MCR_CLR_RXF(unsigned int& value) {
    #####:   89:	value = 0;
    #####:   90:	return true;
        -:   91:}
        6:   92:bool SPICtrl::handle_write_MCR_CLR_RXF(const unsigned int& value) {
        6:   93:	this->MCR.CLR_RXF = value;
       6*:   94:	if (value == 1) this->RX_PATH.RXFIFO.clear();
        6:   95:	return true;
        -:   96:}
        6:   97:bool SPICtrl::handle_read_POPR(unsigned int& value, const unsigned int& byteEnables, sc_core::sc_time& time) {
        6:   98:	unsigned int tempData = 0;
        6:   99:	this->RX_PATH.pop(tempData);
        6:  100:	this->POPR = tempData;
        6:  101:	value = ((this->POPR & byteEnables) | (value & ~byteEnables));
        6:  102:	return true;
        -:  103:}
        3:  104:void SPICtrl::handle_post_write_MCR_MSTR_input_mode(const unsigned int& old_value, const unsigned int& value, sc_core::sc_time& time) {
       3*:  105:	SCML2_INFO(FUNCTIONAL_LOG) << "Controller configured as Target." << std::endl;
        3:  106:	this->Serial_IO_protocol_engine.register_as_slave(target_id);
        3:  107:}
        3:  108:void SPICtrl::handle_post_write_MCR_MSTR_driver_mode(const unsigned int& old_value, const unsigned int& value, sc_core::sc_time& time) {
       3*:  109:	SCML2_INFO(FUNCTIONAL_LOG) << "Controller configured as Initiator." << std::endl;
        3:  110:	this->Serial_IO_protocol_engine.register_as_master();
        3:  111:}
        6:  112:void SPICtrl::handle_post_write_MCR_PCSSE_strobe_mode(const unsigned int& old_value, const unsigned int& value, sc_core::sc_time& time) {
        6:  113:	this-> Serial_IO_protocol_engine.set_slave_select_type_strobe_select();
        6:  114:}
    #####:  115:void SPICtrl::handle_post_write_MCR_PCSSE_chip_select_mode(const unsigned int& old_value, const unsigned int& value, sc_core::sc_time& time) {
    #####:  116:	this->Serial_IO_protocol_engine.set_slave_select_type_chip_select();
    #####:  117:}
    #####:  118:void SPICtrl::handle_CRC_MOD_main() {
    #####:  119:	this->SR.CRC_ERROR = 0;
    #####:  120:	SCML2_MODEL_INTERNAL(LEVEL0)
    #####:  121:	<< "Performing CRC calculation..." << std::endl;
    #####:  122:}
